<?xml version="1.0" encoding="UTF-8"?>
<!-- Generated by org.testng.reporters.JUnitXMLReporter -->
<testsuite ignored="2" hostname="HARISH-PC" failures="0" tests="2" name="Test" time="19.725" errors="0" timestamp="2023-01-09T17:11:21 IST">
  <testcase classname="com.SwagLabs.testScripts.PurchaseProductsTest" name="aorderTshirtTest" time="1.915"/>
  <testcase classname="com.SwagLabs.testScripts.ListOfProductsTest" name="displayListOfProducts" time="0.411"/>
  <testcase classname="genericUtility.BaseClass" name="@BeforeSuite bsConfig" time="0.0">
    <ignored/>
  </testcase> <!-- @BeforeSuite bsConfig -->
  <testcase classname="genericUtility.BaseClass" name="@AfterSuite asConfig" time="0.0">
    <ignored/>
  </testcase> <!-- @AfterSuite asConfig -->
</testsuite> <!-- Test -->
