<?xml version="1.0" encoding="UTF-8"?>
<testng-results ignored="0" total="1" passed="1" failed="0" skipped="0">
  <reporter-output>
    <line>
      <![CDATA[--- DataBase connected successfully ---]]>
    </line>
    <line>
      <![CDATA[Chrome browser launched successfully]]>
    </line>
    <line>
      <![CDATA[CHECKOUT: COMPLETE!]]>
    </line>
    <line>
      <![CDATA[--- DataBase disconnected successfully ---]]>
    </line>
  </reporter-output>
  <suite started-at="2023-01-09T17:58:48 IST" name="Default suite" finished-at="2023-01-09T17:59:07 IST" duration-ms="19388">
    <groups>
      <group name="smoke">
        <method signature="PurchaseProductsTest.aorderTshirtTest()[pri:0, instance:com.SwagLabs.testScripts.PurchaseProductsTest@71075444]" name="aorderTshirtTest" class="com.SwagLabs.testScripts.PurchaseProductsTest"/>
      </group> <!-- smoke -->
    </groups>
    <test started-at="2023-01-09T17:58:48 IST" name="Default test" finished-at="2023-01-09T17:59:07 IST" duration-ms="19388">
      <class name="com.SwagLabs.testScripts.PurchaseProductsTest">
        <test-method is-config="true" signature="bsConfig()[pri:0, instance:com.SwagLabs.testScripts.PurchaseProductsTest@71075444]" started-at="2023-01-09T17:58:48 IST" name="bsConfig" finished-at="2023-01-09T17:58:48 IST" duration-ms="13" status="PASS">
          <reporter-output>
            <line>
              <![CDATA[--- DataBase connected successfully ---]]>
            </line>
          </reporter-output>
        </test-method> <!-- bsConfig -->
        <test-method is-config="true" signature="bcConfig()[pri:0, instance:com.SwagLabs.testScripts.PurchaseProductsTest@71075444]" started-at="2023-01-09T17:58:48 IST" name="bcConfig" finished-at="2023-01-09T17:59:02 IST" duration-ms="13741" status="PASS">
          <reporter-output>
            <line>
              <![CDATA[Chrome browser launched successfully]]>
            </line>
          </reporter-output>
        </test-method> <!-- bcConfig -->
        <test-method is-config="true" signature="bmConfig()[pri:0, instance:com.SwagLabs.testScripts.PurchaseProductsTest@71075444]" started-at="2023-01-09T17:59:02 IST" name="bmConfig" finished-at="2023-01-09T17:59:03 IST" duration-ms="935" status="PASS">
          <reporter-output>
          </reporter-output>
        </test-method> <!-- bmConfig -->
        <test-method signature="aorderTshirtTest()[pri:0, instance:com.SwagLabs.testScripts.PurchaseProductsTest@71075444]" started-at="2023-01-09T17:59:03 IST" name="aorderTshirtTest" finished-at="2023-01-09T17:59:06 IST" duration-ms="2952" status="PASS">
          <reporter-output>
            <line>
              <![CDATA[CHECKOUT: COMPLETE!]]>
            </line>
          </reporter-output>
        </test-method> <!-- aorderTshirtTest -->
        <test-method is-config="true" signature="amConfig()[pri:0, instance:com.SwagLabs.testScripts.PurchaseProductsTest@71075444]" started-at="2023-01-09T17:59:06 IST" name="amConfig" finished-at="2023-01-09T17:59:07 IST" duration-ms="1050" status="PASS">
          <reporter-output>
          </reporter-output>
        </test-method> <!-- amConfig -->
        <test-method is-config="true" signature="acConfig()[pri:0, instance:com.SwagLabs.testScripts.PurchaseProductsTest@71075444]" started-at="2023-01-09T17:59:07 IST" name="acConfig" finished-at="2023-01-09T17:59:07 IST" duration-ms="627" status="PASS">
          <reporter-output>
          </reporter-output>
        </test-method> <!-- acConfig -->
        <test-method is-config="true" signature="asConfig()[pri:0, instance:com.SwagLabs.testScripts.PurchaseProductsTest@71075444]" started-at="2023-01-09T17:59:07 IST" name="asConfig" finished-at="2023-01-09T17:59:07 IST" duration-ms="1" status="PASS">
          <reporter-output>
            <line>
              <![CDATA[--- DataBase disconnected successfully ---]]>
            </line>
          </reporter-output>
        </test-method> <!-- asConfig -->
      </class> <!-- com.SwagLabs.testScripts.PurchaseProductsTest -->
    </test> <!-- Default test -->
  </suite> <!-- Default suite -->
</testng-results>
